{
"C:\\Users\\lukasz.wojcik\\Documents\\InvlovedWeb\\sources\\components\\search\\application.search.jsx":{"path":"C:\\Users\\lukasz.wojcik\\Documents\\InvlovedWeb\\sources\\components\\search\\application.search.jsx","s":{"1":1,"2":1,"3":1,"4":1,"5":1,"6":1,"7":1,"8":1,"9":1,"10":1,"11":1,"12":1,"13":1,"14":1,"15":0,"16":1,"17":1,"18":1,"19":1,"20":1,"21":1,"22":1,"23":1,"24":0,"25":1,"26":1,"27":1,"28":19,"29":19,"30":1,"31":1,"32":1,"33":2,"34":0,"35":1,"36":2,"37":0,"38":2,"39":1,"40":1,"41":0,"42":1,"43":1,"44":1,"45":1,"46":1,"47":1,"48":2,"49":2,"50":1,"51":0,"52":1,"53":1},"b":{"1":[1,1],"2":[1,0],"3":[1,0],"4":[0,1],"5":[0,1],"6":[1,1],"7":[1,0],"8":[19,0],"9":[0,2],"10":[0,2],"11":[0,2],"12":[2,0,0],"13":[0,1],"14":[1,0],"15":[1,1],"16":[1,0],"17":[1,0],"18":[1,1]},"f":{"1":1,"2":1,"3":1,"4":1,"5":2,"6":2,"7":1,"8":1,"9":2,"10":0},"fnMap":{"1":{"name":"(anonymous_1)","line":1,"loc":{"start":{"line":1,"column":118},"end":{"line":1,"column":130}}},"2":{"name":"defineProperties","line":1,"loc":{"start":{"line":1,"column":131},"end":{"line":1,"column":172}}},"3":{"name":"(anonymous_3)","line":1,"loc":{"start":{"line":1,"column":446},"end":{"line":1,"column":494}}},"4":{"name":"_interopRequireWildcard","line":3,"loc":{"start":{"line":3,"column":92},"end":{"line":3,"column":130}}},"5":{"name":"_classCallCheck","line":3,"loc":{"start":{"line":3,"column":348},"end":{"line":3,"column":396}}},"6":{"name":"_possibleConstructorReturn","line":3,"loc":{"start":{"line":3,"column":497},"end":{"line":3,"column":545}}},"7":{"name":"_inherits","line":3,"loc":{"start":{"line":3,"column":732},"end":{"line":3,"column":773}}},"8":{"name":"(anonymous_8)","line":6,"loc":{"start":{"line":6,"column":100},"end":{"line":6,"column":128}}},"9":{"name":"applicationSearch","line":6,"loc":{"start":{"line":6,"column":176},"end":{"line":6,"column":205}}},"10":{"name":"render","line":6,"loc":{"start":{"line":6,"column":410},"end":{"line":7,"column":4}}}},"statementMap":{"1":{"start":{"line":1,"column":37},"end":{"line":1,"column":99},"skip":true},"2":{"start":{"line":1,"column":99},"end":{"line":1,"column":648}},"3":{"start":{"line":1,"column":131},"end":{"line":1,"column":439}},"4":{"start":{"line":1,"column":173},"end":{"line":1,"column":438}},"5":{"start":{"line":1,"column":213},"end":{"line":1,"column":239}},"6":{"start":{"line":1,"column":239},"end":{"line":1,"column":294}},"7":{"start":{"line":1,"column":294},"end":{"line":1,"column":325}},"8":{"start":{"line":1,"column":325},"end":{"line":1,"column":379}},"9":{"start":{"line":1,"column":352},"end":{"line":1,"column":379}},"10":{"start":{"line":1,"column":379},"end":{"line":1,"column":437}},"11":{"start":{"line":1,"column":439},"end":{"line":1,"column":644}},"12":{"start":{"line":1,"column":495},"end":{"line":1,"column":563}},"13":{"start":{"line":1,"column":511},"end":{"line":1,"column":563}},"14":{"start":{"line":1,"column":563},"end":{"line":1,"column":623}},"15":{"start":{"line":1,"column":580},"end":{"line":1,"column":623}},"16":{"start":{"line":1,"column":623},"end":{"line":1,"column":642}},"17":{"start":{"line":1,"column":648},"end":{"line":1,"column":665}},"18":{"start":{"line":1,"column":665},"end":{"line":1,"column":719}},"19":{"start":{"line":1,"column":744},"end":{"line":1,"column":788}},"20":{"start":{"line":2,"column":0},"end":{"line":2,"column":67}},"21":{"start":{"line":3,"column":0},"end":{"line":3,"column":67}},"22":{"start":{"line":3,"column":92},"end":{"line":3,"column":348}},"23":{"start":{"line":3,"column":131},"end":{"line":3,"column":347}},"24":{"start":{"line":3,"column":159},"end":{"line":3,"column":170}},"25":{"start":{"line":3,"column":178},"end":{"line":3,"column":194}},"26":{"start":{"line":3,"column":194},"end":{"line":3,"column":311}},"27":{"start":{"line":3,"column":212},"end":{"line":3,"column":310}},"28":{"start":{"line":3,"column":234},"end":{"line":3,"column":309}},"29":{"start":{"line":3,"column":286},"end":{"line":3,"column":309}},"30":{"start":{"line":3,"column":311},"end":{"line":3,"column":332}},"31":{"start":{"line":3,"column":332},"end":{"line":3,"column":346}},"32":{"start":{"line":3,"column":348},"end":{"line":3,"column":497}},"33":{"start":{"line":3,"column":397},"end":{"line":3,"column":496}},"34":{"start":{"line":3,"column":438},"end":{"line":3,"column":495}},"35":{"start":{"line":3,"column":497},"end":{"line":3,"column":732}},"36":{"start":{"line":3,"column":546},"end":{"line":3,"column":645}},"37":{"start":{"line":3,"column":558},"end":{"line":3,"column":644}},"38":{"start":{"line":3,"column":645},"end":{"line":3,"column":731}},"39":{"start":{"line":3,"column":732},"end":{"line":3,"column":1220}},"40":{"start":{"line":3,"column":774},"end":{"line":3,"column":937}},"41":{"start":{"line":3,"column":836},"end":{"line":3,"column":936}},"42":{"start":{"line":3,"column":937},"end":{"line":3,"column":1101}},"43":{"start":{"line":3,"column":1101},"end":{"line":3,"column":1219}},"44":{"start":{"line":3,"column":1117},"end":{"line":3,"column":1219}},"45":{"start":{"line":3,"column":1220},"end":{"line":16,"column":259}},"46":{"start":{"line":6,"column":129},"end":{"line":6,"column":176}},"47":{"start":{"line":6,"column":176},"end":{"line":6,"column":353}},"48":{"start":{"line":6,"column":206},"end":{"line":6,"column":247}},"49":{"start":{"line":6,"column":247},"end":{"line":6,"column":352}},"50":{"start":{"line":6,"column":353},"end":{"line":16,"column":203}},"51":{"start":{"line":8,"column":6},"end":{"line":16,"column":197}},"52":{"start":{"line":16,"column":203},"end":{"line":16,"column":228},"skip":true},"53":{"start":{"line":21,"column":26},"end":{"line":23,"column":18}}},"branchMap":{"1":{"line":1,"type":"binary-expr","locations":[{"start":{"line":1,"column":263},"end":{"line":1,"column":284}},{"start":{"line":1,"column":288},"end":{"line":1,"column":293}}]},"2":{"line":1,"type":"if","locations":[{"start":{"line":1,"column":325},"end":{"line":1,"column":325}},{"start":{"line":1,"column":325},"end":{"line":1,"column":325}}]},"3":{"line":1,"type":"if","locations":[{"start":{"line":1,"column":495},"end":{"line":1,"column":495}},{"start":{"line":1,"column":495},"end":{"line":1,"column":495}}]},"4":{"line":1,"type":"if","locations":[{"start":{"line":1,"column":563},"end":{"line":1,"column":563}},{"start":{"line":1,"column":563},"end":{"line":1,"column":563}}]},"5":{"line":3,"type":"if","locations":[{"start":{"line":3,"column":131},"end":{"line":3,"column":131}},{"start":{"line":3,"column":131},"end":{"line":3,"column":131}}]},"6":{"line":3,"type":"binary-expr","locations":[{"start":{"line":3,"column":135},"end":{"line":3,"column":138}},{"start":{"line":3,"column":142},"end":{"line":3,"column":156}}]},"7":{"line":3,"type":"if","locations":[{"start":{"line":3,"column":194},"end":{"line":3,"column":194}},{"start":{"line":3,"column":194},"end":{"line":3,"column":194}}]},"8":{"line":3,"type":"if","locations":[{"start":{"line":3,"column":234},"end":{"line":3,"column":234}},{"start":{"line":3,"column":234},"end":{"line":3,"column":234}}]},"9":{"line":3,"type":"if","locations":[{"start":{"line":3,"column":397},"end":{"line":3,"column":397}},{"start":{"line":3,"column":397},"end":{"line":3,"column":397}}]},"10":{"line":3,"type":"if","locations":[{"start":{"line":3,"column":546},"end":{"line":3,"column":546}},{"start":{"line":3,"column":546},"end":{"line":3,"column":546}}]},"11":{"line":3,"type":"cond-expr","locations":[{"start":{"line":3,"column":719},"end":{"line":3,"column":723}},{"start":{"line":3,"column":726},"end":{"line":3,"column":730}}]},"12":{"line":3,"type":"binary-expr","locations":[{"start":{"line":3,"column":652},"end":{"line":3,"column":656}},{"start":{"line":3,"column":661},"end":{"line":3,"column":685}},{"start":{"line":3,"column":689},"end":{"line":3,"column":715}}]},"13":{"line":3,"type":"if","locations":[{"start":{"line":3,"column":774},"end":{"line":3,"column":774}},{"start":{"line":3,"column":774},"end":{"line":3,"column":774}}]},"14":{"line":3,"type":"binary-expr","locations":[{"start":{"line":3,"column":778},"end":{"line":3,"column":810}},{"start":{"line":3,"column":814},"end":{"line":3,"column":833}}]},"15":{"line":3,"type":"binary-expr","locations":[{"start":{"line":3,"column":972},"end":{"line":3,"column":982}},{"start":{"line":3,"column":986},"end":{"line":3,"column":1006}}]},"16":{"line":3,"type":"if","locations":[{"start":{"line":3,"column":1101},"end":{"line":3,"column":1101}},{"start":{"line":3,"column":1101},"end":{"line":3,"column":1101}}]},"17":{"line":3,"type":"cond-expr","locations":[{"start":{"line":3,"column":1141},"end":{"line":3,"column":1184}},{"start":{"line":3,"column":1187},"end":{"line":3,"column":1218}}]},"18":{"line":6,"type":"binary-expr","locations":[{"start":{"line":6,"column":86},"end":{"line":16,"column":247}},{"start":{"line":16,"column":251},"end":{"line":16,"column":257}}]}},"l":{"1":1,"2":1,"3":19,"6":2,"8":0,"16":1,"21":1}},
"C:\\Users\\lukasz.wojcik\\Documents\\InvlovedWeb\\sources\\components\\routing\\routes.js":{"path":"C:\\Users\\lukasz.wojcik\\Documents\\InvlovedWeb\\sources\\components\\routing\\routes.js","s":{"1":1,"2":1,"3":1,"4":1,"5":1},"b":{},"f":{"1":1,"2":1},"fnMap":{"1":{"name":"routeItem","line":1,"loc":{"start":{"line":1,"column":129},"end":{"line":1,"column":154}}},"2":{"name":"(anonymous_2)","line":2,"loc":{"start":{"line":2,"column":9},"end":{"line":2,"column":27}}}},"statementMap":{"1":{"start":{"line":1,"column":37},"end":{"line":1,"column":99},"skip":true},"2":{"start":{"line":1,"column":99},"end":{"line":1,"column":129}},"3":{"start":{"line":1,"column":129},"end":{"line":3,"column":60}},"4":{"start":{"line":2,"column":2},"end":{"line":3,"column":59}},"5":{"start":{"line":3,"column":4},"end":{"line":3,"column":57}}},"branchMap":{},"l":{"1":1,"2":1,"3":1}}}
