TN:
SF:C:\Users\lukasz.wojcik\Documents\InvlovedWeb\sources\components\search\application.search.jsx
FN:1,(anonymous_1)
FN:1,defineProperties
FN:1,(anonymous_3)
FN:3,_interopRequireWildcard
FN:3,_classCallCheck
FN:3,_possibleConstructorReturn
FN:3,_inherits
FN:6,(anonymous_8)
FN:6,applicationSearch
FN:6,render
FNF:10
FNH:9
FNDA:1,(anonymous_1)
FNDA:1,defineProperties
FNDA:1,(anonymous_3)
FNDA:1,_interopRequireWildcard
FNDA:2,_classCallCheck
FNDA:2,_possibleConstructorReturn
FNDA:1,_inherits
FNDA:1,(anonymous_8)
FNDA:2,applicationSearch
FNDA:0,render
DA:1,1
DA:2,1
DA:3,19
DA:6,2
DA:8,0
DA:16,1
DA:21,1
LF:7
LH:6
BRDA:1,1,0,1
BRDA:1,1,1,1
BRDA:1,2,0,1
BRDA:1,2,1,0
BRDA:1,3,0,1
BRDA:1,3,1,0
BRDA:1,4,0,0
BRDA:1,4,1,1
BRDA:3,5,0,0
BRDA:3,5,1,1
BRDA:3,6,0,1
BRDA:3,6,1,1
BRDA:3,7,0,1
BRDA:3,7,1,0
BRDA:3,8,0,19
BRDA:3,8,1,0
BRDA:3,9,0,0
BRDA:3,9,1,2
BRDA:3,10,0,0
BRDA:3,10,1,2
BRDA:3,11,0,0
BRDA:3,11,1,2
BRDA:3,12,0,2
BRDA:3,12,1,0
BRDA:3,12,2,0
BRDA:3,13,0,0
BRDA:3,13,1,1
BRDA:3,14,0,1
BRDA:3,14,1,0
BRDA:3,15,0,1
BRDA:3,15,1,1
BRDA:3,16,0,1
BRDA:3,16,1,0
BRDA:3,17,0,1
BRDA:3,17,1,0
BRDA:6,18,0,1
BRDA:6,18,1,1
BRF:37
BRH:22
end_of_record
TN:
SF:C:\Users\lukasz.wojcik\Documents\InvlovedWeb\sources\components\routing\routes.js
FN:1,routeItem
FN:2,(anonymous_2)
FNF:2
FNH:2
FNDA:1,routeItem
FNDA:1,(anonymous_2)
DA:1,1
DA:2,1
DA:3,1
LF:3
LH:3
BRF:0
BRH:0
end_of_record
